<?xml version="1.0" encoding="UTF-8"?>
<!-- Generated by org.testng.reporters.JUnitReportReporter -->
<testsuite skipped="0" hostname="LAPTOP-RC8637GT" name="TC.TC_homepage" tests="1" failures="0" timestamp="2022-02-27T21:06:06 IST" time="247.261" errors="0">
  <testcase name="findTheElement" time="247.261" classname="TC.TC_homepage"/>
  <system-out/>
</testsuite> <!-- TC.TC_homepage -->
